Environment variables loaded from .env
Prisma schema loaded from prisma\schema.prisma
Datasource "db": PostgreSQL database "myappdb", schema "public" at "72.62.240.101:5432"

node.exe : Error: P3014
At line:1 char:1
+ & "C:\Program 
Files\nodejs/node.exe" "C:\Program 
Files\nodejs/node_mo ...
+ ~~~~~~~~~~~~~~~~~~~~~~~~~~~~~~~~~~~
~~~~~~~~~~~~~~~~~~~~~~~~~~~~~~~~~~
    + CategoryInfo          : NotSpe 
   cified: (Error: P3014:String) []  
  , RemoteException
    + FullyQualifiedErrorId : Native 
   CommandError
 

Prisma Migrate could not create the 
shadow database. Please make sure 
the database user has permission to 
create databases. Read more about 
the shadow database (and 
workarounds) at 
https://pris.ly/d/migrate-shadow

Original error: 
ERROR: permission denied to create 
database
   0: 
schema_core::state::DevDiagnostic
             at 
schema-engine\core\src\state.rs:276

